<?xml version="1.0" encoding="UTF-8"?>
<!-- Generated by org.testng.reporters.JUnitReportReporter -->
<testsuite hostname="DDC2-LX-7182H2N" name="com.dummy.TestTwo" tests="1" failures="0" timestamp="1 Jul 2018 10:29:27 GMT" time="0.024" errors="0">
  <testcase name="verifysum" time="0.024" classname="com.dummy.TestTwo"/>
</testsuite> <!-- com.dummy.TestTwo -->
