<?xml version="1.0" encoding="UTF-8"?>
<!-- Generated by org.testng.reporters.JUnitReportReporter -->
<testsuite hostname="DDC2-LX-7182H2N" name="com.dummy.TestOne" tests="1" failures="0" timestamp="1 Jul 2018 11:50:25 GMT" time="0.001" errors="0">
  <testcase name="verifyTest" time="0.001" classname="com.dummy.TestOne"/>
</testsuite> <!-- com.dummy.TestOne -->
